<?xml version="1.0" encoding="UTF-8"?><testsuite failures="2" name="cucumber.runtime.formatter.JUnitFormatter" skipped="0" tests="2" time="51.001769">
<testcase classname="Login Action" name="Successful login with valid credentials" time="50.952229">
<failure message="org.openqa.selenium.UnsupportedCommandException: timeouts&#10;Build info: version: '3.0.1', revision: '1969d75', time: '2016-10-18 09:49:13 -0700'&#10;System info: host: 'Mr-PC', ip: '192.168.56.1', os.name: 'Windows 7', os.arch: 'x86', os.version: '6.1', java.version: '1.8.0_131'&#10;Driver info: org.openqa.selenium.firefox.FirefoxDriver&#10;Capabilities [{moz:profile=C:\Users\Mr\AppData\Local\Temp\rust_mozprofile.eX8GrpqNoyOT, rotatable=false, timeouts={implicit=0, pageLoad=300000, script=30000}, pageLoadStrategy=normal, moz:headless=false, platform=ANY, moz:accessibilityChecks=false, moz:useNonSpecCompliantPointerOrigin=false, acceptInsecureCerts=false, browserVersion=59.0.1, platformVersion=6.1, moz:processID=2544, browserName=firefox, platformName=windows_nt, moz:webdriverClick=true}]&#10;Session ID: 5c4dbcec-85f1-44ca-94cd-75c3f8f25bdb&#13;&#10;&#9;at sun.reflect.NativeConstructorAccessorImpl.newInstance0(Native Method)&#13;&#10;&#9;at sun.reflect.NativeConstructorAccessorImpl.newInstance(NativeConstructorAccessorImpl.java:62)&#13;&#10;&#9;at sun.reflect.DelegatingConstructorAccessorImpl.newInstance(DelegatingConstructorAccessorImpl.java:45)&#13;&#10;&#9;at java.lang.reflect.Constructor.newInstance(Constructor.java:423)&#13;&#10;&#9;at org.openqa.selenium.remote.http.W3CHttpResponseCodec.createException(W3CHttpResponseCodec.java:127)&#13;&#10;&#9;at org.openqa.selenium.remote.http.W3CHttpResponseCodec.decode(W3CHttpResponseCodec.java:93)&#13;&#10;&#9;at org.openqa.selenium.remote.http.W3CHttpResponseCodec.decode(W3CHttpResponseCodec.java:42)&#13;&#10;&#9;at org.openqa.selenium.remote.HttpCommandExecutor.execute(HttpCommandExecutor.java:163)&#13;&#10;&#9;at org.openqa.selenium.remote.service.DriverCommandExecutor.execute(DriverCommandExecutor.java:82)&#13;&#10;&#9;at org.openqa.selenium.remote.RemoteWebDriver.execute(RemoteWebDriver.java:601)&#13;&#10;&#9;at org.openqa.selenium.firefox.FirefoxDriver.access$100(FirefoxDriver.java:70)&#13;&#10;&#9;at org.openqa.selenium.firefox.FirefoxDriver$1$1.implicitlyWait(FirefoxDriver.java:302)&#13;&#10;&#9;at stepdefinition.LoginTest.user_navigate_to_log_in_page(LoginTest.java:45)&#13;&#10;&#9;at ✽.When user navigate to log in page(Login_Test.feature:4)&#13;&#10;"><![CDATA[Given user is on home page..................................................passed
When user navigate to log in page...........................................failed
And user enter credentials to login.........................................skipped
Then message displayed login successfully...................................skipped

StackTrace:
org.openqa.selenium.UnsupportedCommandException: timeouts
Build info: version: '3.0.1', revision: '1969d75', time: '2016-10-18 09:49:13 -0700'
System info: host: 'Mr-PC', ip: '192.168.56.1', os.name: 'Windows 7', os.arch: 'x86', os.version: '6.1', java.version: '1.8.0_131'
Driver info: org.openqa.selenium.firefox.FirefoxDriver
Capabilities [{moz:profile=C:\Users\Mr\AppData\Local\Temp\rust_mozprofile.eX8GrpqNoyOT, rotatable=false, timeouts={implicit=0, pageLoad=300000, script=30000}, pageLoadStrategy=normal, moz:headless=false, platform=ANY, moz:accessibilityChecks=false, moz:useNonSpecCompliantPointerOrigin=false, acceptInsecureCerts=false, browserVersion=59.0.1, platformVersion=6.1, moz:processID=2544, browserName=firefox, platformName=windows_nt, moz:webdriverClick=true}]
Session ID: 5c4dbcec-85f1-44ca-94cd-75c3f8f25bdb
	at sun.reflect.NativeConstructorAccessorImpl.newInstance0(Native Method)
	at sun.reflect.NativeConstructorAccessorImpl.newInstance(NativeConstructorAccessorImpl.java:62)
	at sun.reflect.DelegatingConstructorAccessorImpl.newInstance(DelegatingConstructorAccessorImpl.java:45)
	at java.lang.reflect.Constructor.newInstance(Constructor.java:423)
	at org.openqa.selenium.remote.http.W3CHttpResponseCodec.createException(W3CHttpResponseCodec.java:127)
	at org.openqa.selenium.remote.http.W3CHttpResponseCodec.decode(W3CHttpResponseCodec.java:93)
	at org.openqa.selenium.remote.http.W3CHttpResponseCodec.decode(W3CHttpResponseCodec.java:42)
	at org.openqa.selenium.remote.HttpCommandExecutor.execute(HttpCommandExecutor.java:163)
	at org.openqa.selenium.remote.service.DriverCommandExecutor.execute(DriverCommandExecutor.java:82)
	at org.openqa.selenium.remote.RemoteWebDriver.execute(RemoteWebDriver.java:601)
	at org.openqa.selenium.firefox.FirefoxDriver.access$100(FirefoxDriver.java:70)
	at org.openqa.selenium.firefox.FirefoxDriver$1$1.implicitlyWait(FirefoxDriver.java:302)
	at stepdefinition.LoginTest.user_navigate_to_log_in_page(LoginTest.java:45)
	at ✽.When user navigate to log in page(Login_Test.feature:4)
]]></failure>
</testcase>
<testcase classname="Login Action" name="Successful logout" time="0.04954">
<failure message="java.lang.NullPointerException&#13;&#10;&#9;at stepdefinition.LoginTest.user_log_out_from_the_appliation(LoginTest.java:99)&#13;&#10;&#9;at ✽.When user log out from the appliation(Login_Test.feature:13)&#13;&#10;"><![CDATA[When user log out from the appliation.......................................failed
Then message displayed logout successfully..................................skipped

StackTrace:
java.lang.NullPointerException
	at stepdefinition.LoginTest.user_log_out_from_the_appliation(LoginTest.java:99)
	at ✽.When user log out from the appliation(Login_Test.feature:13)
]]></failure>
</testcase>
</testsuite>
